<?xml version="1.0" encoding="UTF-8"?><testsuite errors="2" failures="1" name="busqueda de 3 productos en barra de busquedas de tierragro" skipped="0" tests="3" time="45.47" timestamp="2022-08-16 11:00:37"><testcase name="Buscar alimento para perros en barra de busqueda de tierragro"><error message="element click intercepted: Element &lt;img class=&quot;header__logo-image&quot; src=&quot;https://cdn.shopify.com/s/files/1/0410/2199/7206/files/logo-tierragro.png?v=1621540247&quot; srcset=&quot;https://cdn.shopify.com/s/files/1/0410/2199/7206/files/logo-tierragro.png?v=1621540247&quot; alt=&quot;Tierragro&quot; style=&quot;width:180px;&quot;&gt; is not clickable at point (130, 154). Other element would receive the click: &lt;iframe src=&quot;https://www.powr.io/popup/u/fcd1fc82_1651009445#platform=shopify&amp;amp;url=https%3A%2F%2Fwww.tierragro.com%2F&quot; title=&quot;index section  flush&quot; powrindex=&quot;0&quot; width=&quot;100%&quot; height=&quot;604px&quot; frameborder=&quot;0&quot; webkitallowfullscreen=&quot;&quot; mozallowfullscreen=&quot;&quot; allowfullscreen=&quot;&quot; style=&quot;height: 100%; display: block; visibility: visible; position: fixed; z-index: 9999999; inset: 0px; transform: none; transform-origin: unset; width: 100%;&quot;&gt;&lt;/iframe&gt;&#10;  (Session info: chrome=104.0.5112.81)&#10;Build info: version: '3.141.59', revision: 'e82be7d358', time: '2018-11-14T08:17:03'&#10;System info: host: 'MAGICHOME', ip: '192.168.20.52', os.name: 'Windows 11', os.arch: 'amd64', os.version: '10.0', java.version: '1.8.0_333'&#10;Driver info: org.openqa.selenium.chrome.ChromeDriver&#10;Capabilities {acceptInsecureCerts: false, browserName: chrome, browserVersion: 104.0.5112.81, chrome: {chromedriverVersion: 103.0.5060.53 (a1711811edd7..., userDataDir: C:\Users\aleja\AppData\Loca...}, goog:chromeOptions: {debuggerAddress: localhost:59800}, javascriptEnabled: true, networkConnectionEnabled: false, pageLoadStrategy: normal, platform: WINDOWS, platformName: WINDOWS, proxy: Proxy(), setWindowRect: true, strictFileInteractability: false, timeouts: {implicit: 0, pageLoad: 300000, script: 30000}, unhandledPromptBehavior: dismiss and notify, webauthn:extension:credBlob: true, webauthn:extension:largeBlob: true, webauthn:virtualAuthenticators: true}&#10;Session ID: 7df817a30bec2a4ffeaefb45807d31fc" type="org.openqa.selenium.ElementClickInterceptedException">element click intercepted: Element &lt;img class="header__logo-image" src="https://cdn.shopify.com/s/files/1/0410/2199/7206/files/logo-tierragro.png?v=1621540247" srcset="https://cdn.shopify.com/s/files/1/0410/2199/7206/files/logo-tierragro.png?v=1621540247" alt="Tierragro" style="width:180px;"&gt; is not clickable at point (130, 154). Other element would receive the click: &lt;iframe src="https://www.powr.io/popup/u/fcd1fc82_1651009445#platform=shopify&amp;amp;url=https%3A%2F%2Fwww.tierragro.com%2F" title="index section  flush" powrindex="0" width="100%" height="604px" frameborder="0" webkitallowfullscreen="" mozallowfullscreen="" allowfullscreen="" style="height: 100%; display: block; visibility: visible; position: fixed; z-index: 9999999; inset: 0px; transform: none; transform-origin: unset; width: 100%;"&gt;&lt;/iframe&gt;
  (Session info: chrome=104.0.5112.81)
Build info: version: '3.141.59', revision: 'e82be7d358', time: '2018-11-14T08:17:03'
System info: host: 'MAGICHOME', ip: '192.168.20.52', os.name: 'Windows 11', os.arch: 'amd64', os.version: '10.0', java.version: '1.8.0_333'
Driver info: org.openqa.selenium.chrome.ChromeDriver
Capabilities {acceptInsecureCerts: false, browserName: chrome, browserVersion: 104.0.5112.81, chrome: {chromedriverVersion: 103.0.5060.53 (a1711811edd7..., userDataDir: C:\Users\aleja\AppData\Loca...}, goog:chromeOptions: {debuggerAddress: localhost:59800}, javascriptEnabled: true, networkConnectionEnabled: false, pageLoadStrategy: normal, platform: WINDOWS, platformName: WINDOWS, proxy: Proxy(), setWindowRect: true, strictFileInteractability: false, timeouts: {implicit: 0, pageLoad: 300000, script: 30000}, unhandledPromptBehavior: dismiss and notify, webauthn:extension:credBlob: true, webauthn:extension:largeBlob: true, webauthn:virtualAuthenticators: true}
Session ID: 7df817a30bec2a4ffeaefb45807d31fc</error><system-err>element click intercepted: Element &lt;img class="header__logo-image" src="https://cdn.shopify.com/s/files/1/0410/2199/7206/files/logo-tierragro.png?v=1621540247" srcset="https://cdn.shopify.com/s/files/1/0410/2199/7206/files/logo-tierragro.png?v=1621540247" alt="Tierragro" style="width:180px;"&gt; is not clickable at point (130, 154). Other element would receive the click: &lt;iframe src="https://www.powr.io/popup/u/fcd1fc82_1651009445#platform=shopify&amp;amp;url=https%3A%2F%2Fwww.tierragro.com%2F" title="index section  flush" powrindex="0" width="100%" height="604px" frameborder="0" webkitallowfullscreen="" mozallowfullscreen="" allowfullscreen="" style="height: 100%; display: block; visibility: visible; position: fixed; z-index: 9999999; inset: 0px; transform: none; transform-origin: unset; width: 100%;"&gt;&lt;/iframe&gt;
  (Session info: chrome=104.0.5112.81)
Build info: version: '3.141.59', revision: 'e82be7d358', time: '2018-11-14T08:17:03'
System info: host: 'MAGICHOME', ip: '192.168.20.52', os.name: 'Windows 11', os.arch: 'amd64', os.version: '10.0', java.version: '1.8.0_333'
Driver info: org.openqa.selenium.chrome.ChromeDriver
Capabilities {acceptInsecureCerts: false, browserName: chrome, browserVersion: 104.0.5112.81, chrome: {chromedriverVersion: 103.0.5060.53 (a1711811edd7..., userDataDir: C:\Users\aleja\AppData\Loca...}, goog:chromeOptions: {debuggerAddress: localhost:59800}, javascriptEnabled: true, networkConnectionEnabled: false, pageLoadStrategy: normal, platform: WINDOWS, platformName: WINDOWS, proxy: Proxy(), setWindowRect: true, strictFileInteractability: false, timeouts: {implicit: 0, pageLoad: 300000, script: 30000}, unhandledPromptBehavior: dismiss and notify, webauthn:extension:credBlob: true, webauthn:extension:largeBlob: true, webauthn:virtualAuthenticators: true}
Session ID: 7df817a30bec2a4ffeaefb45807d31fc&#13;
com.tierragro.tasks.Busquedas.performAs(Busquedas.java:26)&#13;
com.tierragro.stepDefinitions.BackgrounStepDefinitions.quieroBuscarElProducto(BackgrounStepDefinitions.java:27)&#13;
cucumber.runner.Runner.runPickle(Runner.java:80)&#13;
worker.org.gradle.process.internal.worker.GradleWorkerMain.run(GradleWorkerMain.java:69)&#13;
worker.org.gradle.process.internal.worker.GradleWorkerMain.main(GradleWorkerMain.java:74)&#13;
</system-err></testcase><testcase name="Buscar alimento para gatos en barra de busqueda de tierragro"><failure message="Expected enabled element was not enabled" type="net.thucydides.core.webdriver.exceptions.ElementShouldBeEnabledException">Expected enabled element was not enabled</failure><system-err>Expected enabled element was not enabled&#13;
com.tierragro.tasks.Busquedas.performAs(Busquedas.java:26)&#13;
com.tierragro.stepDefinitions.BackgrounStepDefinitions.quieroBuscarElProducto(BackgrounStepDefinitions.java:27)&#13;
cucumber.runner.Runner.runPickle(Runner.java:80)&#13;
worker.org.gradle.process.internal.worker.GradleWorkerMain.run(GradleWorkerMain.java:69)&#13;
worker.org.gradle.process.internal.worker.GradleWorkerMain.main(GradleWorkerMain.java:74)&#13;
</system-err></testcase><testcase name="Buscar arnes para gatos en barra de busqueda de tierragro"><error message="element click intercepted: Element &lt;img class=&quot;header__logo-image&quot; src=&quot;https://cdn.shopify.com/s/files/1/0410/2199/7206/files/logo-tierragro.png?v=1621540247&quot; srcset=&quot;https://cdn.shopify.com/s/files/1/0410/2199/7206/files/logo-tierragro.png?v=1621540247&quot; alt=&quot;Tierragro&quot; style=&quot;width:180px;&quot;&gt; is not clickable at point (130, 154). Other element would receive the click: &lt;iframe src=&quot;https://www.powr.io/popup/u/fcd1fc82_1651009445#platform=shopify&amp;amp;url=https%3A%2F%2Fwww.tierragro.com%2F&quot; title=&quot;index section  flush&quot; powrindex=&quot;0&quot; width=&quot;100%&quot; height=&quot;604px&quot; frameborder=&quot;0&quot; webkitallowfullscreen=&quot;&quot; mozallowfullscreen=&quot;&quot; allowfullscreen=&quot;&quot; style=&quot;height: 100%; display: block; visibility: visible; position: fixed; z-index: 9999999; inset: 0px; transform: none; transform-origin: unset; width: 100%;&quot;&gt;&lt;/iframe&gt;&#10;  (Session info: chrome=104.0.5112.81)&#10;Build info: version: '3.141.59', revision: 'e82be7d358', time: '2018-11-14T08:17:03'&#10;System info: host: 'MAGICHOME', ip: '192.168.20.52', os.name: 'Windows 11', os.arch: 'amd64', os.version: '10.0', java.version: '1.8.0_333'&#10;Driver info: org.openqa.selenium.chrome.ChromeDriver&#10;Capabilities {acceptInsecureCerts: false, browserName: chrome, browserVersion: 104.0.5112.81, chrome: {chromedriverVersion: 103.0.5060.53 (a1711811edd7..., userDataDir: C:\Users\aleja\AppData\Loca...}, goog:chromeOptions: {debuggerAddress: localhost:60163}, javascriptEnabled: true, networkConnectionEnabled: false, pageLoadStrategy: normal, platform: WINDOWS, platformName: WINDOWS, proxy: Proxy(), setWindowRect: true, strictFileInteractability: false, timeouts: {implicit: 0, pageLoad: 300000, script: 30000}, unhandledPromptBehavior: dismiss and notify, webauthn:extension:credBlob: true, webauthn:extension:largeBlob: true, webauthn:virtualAuthenticators: true}&#10;Session ID: 39032ce932940422aedae468356ec3bc" type="org.openqa.selenium.ElementClickInterceptedException">element click intercepted: Element &lt;img class="header__logo-image" src="https://cdn.shopify.com/s/files/1/0410/2199/7206/files/logo-tierragro.png?v=1621540247" srcset="https://cdn.shopify.com/s/files/1/0410/2199/7206/files/logo-tierragro.png?v=1621540247" alt="Tierragro" style="width:180px;"&gt; is not clickable at point (130, 154). Other element would receive the click: &lt;iframe src="https://www.powr.io/popup/u/fcd1fc82_1651009445#platform=shopify&amp;amp;url=https%3A%2F%2Fwww.tierragro.com%2F" title="index section  flush" powrindex="0" width="100%" height="604px" frameborder="0" webkitallowfullscreen="" mozallowfullscreen="" allowfullscreen="" style="height: 100%; display: block; visibility: visible; position: fixed; z-index: 9999999; inset: 0px; transform: none; transform-origin: unset; width: 100%;"&gt;&lt;/iframe&gt;
  (Session info: chrome=104.0.5112.81)
Build info: version: '3.141.59', revision: 'e82be7d358', time: '2018-11-14T08:17:03'
System info: host: 'MAGICHOME', ip: '192.168.20.52', os.name: 'Windows 11', os.arch: 'amd64', os.version: '10.0', java.version: '1.8.0_333'
Driver info: org.openqa.selenium.chrome.ChromeDriver
Capabilities {acceptInsecureCerts: false, browserName: chrome, browserVersion: 104.0.5112.81, chrome: {chromedriverVersion: 103.0.5060.53 (a1711811edd7..., userDataDir: C:\Users\aleja\AppData\Loca...}, goog:chromeOptions: {debuggerAddress: localhost:60163}, javascriptEnabled: true, networkConnectionEnabled: false, pageLoadStrategy: normal, platform: WINDOWS, platformName: WINDOWS, proxy: Proxy(), setWindowRect: true, strictFileInteractability: false, timeouts: {implicit: 0, pageLoad: 300000, script: 30000}, unhandledPromptBehavior: dismiss and notify, webauthn:extension:credBlob: true, webauthn:extension:largeBlob: true, webauthn:virtualAuthenticators: true}
Session ID: 39032ce932940422aedae468356ec3bc</error><system-err>element click intercepted: Element &lt;img class="header__logo-image" src="https://cdn.shopify.com/s/files/1/0410/2199/7206/files/logo-tierragro.png?v=1621540247" srcset="https://cdn.shopify.com/s/files/1/0410/2199/7206/files/logo-tierragro.png?v=1621540247" alt="Tierragro" style="width:180px;"&gt; is not clickable at point (130, 154). Other element would receive the click: &lt;iframe src="https://www.powr.io/popup/u/fcd1fc82_1651009445#platform=shopify&amp;amp;url=https%3A%2F%2Fwww.tierragro.com%2F" title="index section  flush" powrindex="0" width="100%" height="604px" frameborder="0" webkitallowfullscreen="" mozallowfullscreen="" allowfullscreen="" style="height: 100%; display: block; visibility: visible; position: fixed; z-index: 9999999; inset: 0px; transform: none; transform-origin: unset; width: 100%;"&gt;&lt;/iframe&gt;
  (Session info: chrome=104.0.5112.81)
Build info: version: '3.141.59', revision: 'e82be7d358', time: '2018-11-14T08:17:03'
System info: host: 'MAGICHOME', ip: '192.168.20.52', os.name: 'Windows 11', os.arch: 'amd64', os.version: '10.0', java.version: '1.8.0_333'
Driver info: org.openqa.selenium.chrome.ChromeDriver
Capabilities {acceptInsecureCerts: false, browserName: chrome, browserVersion: 104.0.5112.81, chrome: {chromedriverVersion: 103.0.5060.53 (a1711811edd7..., userDataDir: C:\Users\aleja\AppData\Loca...}, goog:chromeOptions: {debuggerAddress: localhost:60163}, javascriptEnabled: true, networkConnectionEnabled: false, pageLoadStrategy: normal, platform: WINDOWS, platformName: WINDOWS, proxy: Proxy(), setWindowRect: true, strictFileInteractability: false, timeouts: {implicit: 0, pageLoad: 300000, script: 30000}, unhandledPromptBehavior: dismiss and notify, webauthn:extension:credBlob: true, webauthn:extension:largeBlob: true, webauthn:virtualAuthenticators: true}
Session ID: 39032ce932940422aedae468356ec3bc&#13;
com.tierragro.tasks.Busquedas.performAs(Busquedas.java:26)&#13;
com.tierragro.stepDefinitions.BackgrounStepDefinitions.quieroBuscarElProducto(BackgrounStepDefinitions.java:27)&#13;
cucumber.runner.Runner.runPickle(Runner.java:80)&#13;
worker.org.gradle.process.internal.worker.GradleWorkerMain.run(GradleWorkerMain.java:69)&#13;
worker.org.gradle.process.internal.worker.GradleWorkerMain.main(GradleWorkerMain.java:74)&#13;
</system-err></testcase></testsuite>